d:\hisense\hx\hx\x64\debug\vc141.pdb
d:\hisense\hx\hx\x64\debug\vc141.idb
d:\hisense\hx\hx\x64\debug\serialportwinbase.obj
d:\hisense\hx\hx\x64\debug\serialportinfowinbase.obj
d:\hisense\hx\hx\x64\debug\serialportinfobase.obj
d:\hisense\hx\hx\x64\debug\serialportinfo.obj
d:\hisense\hx\hx\x64\debug\serialportbase.obj
d:\hisense\hx\hx\x64\debug\serialport.obj
d:\hisense\hx\hx\x64\debug\hx.pch
d:\hisense\hx\hx\x64\debug\pch.obj
d:\hisense\hx\hx\x64\debug\cmodbusdlg.obj
d:\hisense\hx\hx\x64\debug\cpublic.obj
d:\hisense\hx\hx\x64\debug\ccaddlg.obj
d:\hisense\hx\hx\x64\debug\hxdlg.obj
d:\hisense\hx\hx\x64\debug\hx.obj
d:\hisense\hx\hx\x64\debug\cvisiondlg.obj
d:\hisense\hx\hx\x64\debug\clayout.obj
d:\hisense\hx\hx\x64\debug\drawcad.obj
d:\hisense\hx\x64\debug\hx.lib
d:\hisense\hx\x64\debug\hx.exp
d:\hisense\hx\x64\debug\hx.exe
d:\hisense\hx\x64\debug\hx.ilk
d:\hisense\hx\x64\debug\hx.pdb
d:\hisense\hx\hx\x64\debug\hx.res
d:\hisense\hx\hx\x64\debug\hx.tlog\cl.command.1.tlog
d:\hisense\hx\hx\x64\debug\hx.tlog\cl.read.1.tlog
d:\hisense\hx\hx\x64\debug\hx.tlog\cl.write.1.tlog
d:\hisense\hx\hx\x64\debug\hx.tlog\hx.write.1u.tlog
d:\hisense\hx\hx\x64\debug\hx.tlog\link.16188.delete.1.tlog
d:\hisense\hx\hx\x64\debug\hx.tlog\link.command.1.tlog
d:\hisense\hx\hx\x64\debug\hx.tlog\link.read.1.tlog
d:\hisense\hx\hx\x64\debug\hx.tlog\link.write.1.tlog
d:\hisense\hx\hx\x64\debug\hx.tlog\rc.command.1.tlog
d:\hisense\hx\hx\x64\debug\hx.tlog\rc.read.1.tlog
d:\hisense\hx\hx\x64\debug\hx.tlog\rc.write.1.tlog
